<?xml version="1.0" encoding="UTF-8"?>
<!-- Generated by org.testng.reporters.JUnitXMLReporter -->
<testsuite ignored="0" hostname="MR-Praveen" failures="0" tests="3" name="Ebay Testing" time="124.479" errors="0" timestamp="2022-11-24T23:08:01 IST">
  <testcase classname="com.qa.Test_Script.TC_Ebay_Signin" name="user_signin" time="32.075"/>
  <testcase classname="com.qa.Test_Script.TC_Ebay_Search" name="search_product" time="11.741"/>
  <testcase classname="com.qa.Test_Script.TC_Ebay_IndexSearch" name="user_signin" time="20.73"/>
</testsuite> <!-- Ebay Testing -->
